c:\users\reuben miller\desktop\video games architecture and optimisation\assignment\1942-clone\1942\x64\debug\vc141.pdb
c:\users\reuben miller\desktop\video games architecture and optimisation\assignment\1942-clone\1942\x64\debug\vc141.idb
c:\users\reuben miller\desktop\video games architecture and optimisation\assignment\1942-clone\1942\x64\debug\startscreens.nativecodeanalysis.xml
c:\users\reuben miller\desktop\video games architecture and optimisation\assignment\1942-clone\1942\x64\debug\savedata.nativecodeanalysis.xml
c:\users\reuben miller\desktop\video games architecture and optimisation\assignment\1942-clone\1942\x64\debug\powerup.nativecodeanalysis.xml
c:\users\reuben miller\desktop\video games architecture and optimisation\assignment\1942-clone\1942\x64\debug\popup.nativecodeanalysis.xml
c:\users\reuben miller\desktop\video games architecture and optimisation\assignment\1942-clone\1942\x64\debug\player.nativecodeanalysis.xml
c:\users\reuben miller\desktop\video games architecture and optimisation\assignment\1942-clone\1942\x64\debug\input.nativecodeanalysis.xml
c:\users\reuben miller\desktop\video games architecture and optimisation\assignment\1942-clone\1942\x64\debug\highscorescreen.nativecodeanalysis.xml
c:\users\reuben miller\desktop\video games architecture and optimisation\assignment\1942-clone\1942\x64\debug\game.nativecodeanalysis.xml
c:\users\reuben miller\desktop\video games architecture and optimisation\assignment\1942-clone\1942\x64\debug\enemyspawner.nativecodeanalysis.xml
c:\users\reuben miller\desktop\video games architecture and optimisation\assignment\1942-clone\1942\x64\debug\enemy.nativecodeanalysis.xml
c:\users\reuben miller\desktop\video games architecture and optimisation\assignment\1942-clone\1942\x64\debug\checkcollisions.nativecodeanalysis.xml
c:\users\reuben miller\desktop\video games architecture and optimisation\assignment\1942-clone\1942\x64\debug\bullet.nativecodeanalysis.xml
c:\users\reuben miller\desktop\video games architecture and optimisation\assignment\1942-clone\1942\x64\debug\audio.nativecodeanalysis.xml
c:\users\reuben miller\desktop\video games architecture and optimisation\assignment\1942-clone\1942\x64\debug\2_test.nativecodeanalysis.xml
c:\users\reuben miller\desktop\video games architecture and optimisation\assignment\1942-clone\1942\x64\debug\2_test.obj
c:\users\reuben miller\desktop\video games architecture and optimisation\assignment\1942-clone\1942\x64\debug\audio.obj
c:\users\reuben miller\desktop\video games architecture and optimisation\assignment\1942-clone\1942\x64\debug\bullet.obj
c:\users\reuben miller\desktop\video games architecture and optimisation\assignment\1942-clone\1942\x64\debug\checkcollisions.obj
c:\users\reuben miller\desktop\video games architecture and optimisation\assignment\1942-clone\1942\x64\debug\enemy.obj
c:\users\reuben miller\desktop\video games architecture and optimisation\assignment\1942-clone\1942\x64\debug\enemyspawner.obj
c:\users\reuben miller\desktop\video games architecture and optimisation\assignment\1942-clone\1942\x64\debug\game.obj
c:\users\reuben miller\desktop\video games architecture and optimisation\assignment\1942-clone\1942\x64\debug\highscorescreen.obj
c:\users\reuben miller\desktop\video games architecture and optimisation\assignment\1942-clone\1942\x64\debug\input.obj
c:\users\reuben miller\desktop\video games architecture and optimisation\assignment\1942-clone\1942\x64\debug\player.obj
c:\users\reuben miller\desktop\video games architecture and optimisation\assignment\1942-clone\1942\x64\debug\popup.obj
c:\users\reuben miller\desktop\video games architecture and optimisation\assignment\1942-clone\1942\x64\debug\powerup.obj
c:\users\reuben miller\desktop\video games architecture and optimisation\assignment\1942-clone\1942\x64\debug\savedata.obj
c:\users\reuben miller\desktop\video games architecture and optimisation\assignment\1942-clone\1942\x64\debug\startscreens.obj
c:\users\reuben miller\desktop\video games architecture and optimisation\assignment\1942-clone\x64\debug\1942.ilk
c:\users\reuben miller\desktop\video games architecture and optimisation\assignment\1942-clone\x64\debug\1942.exe
c:\users\reuben miller\desktop\video games architecture and optimisation\assignment\1942-clone\x64\debug\1942.pdb
c:\users\reuben miller\desktop\video games architecture and optimisation\assignment\1942-clone\1942\x64\debug\nativecodeanalysis.read.1.tlog
c:\users\reuben miller\desktop\video games architecture and optimisation\assignment\1942-clone\1942\x64\debug\vc.nativecodeanalysis.all.xml
c:\users\reuben miller\desktop\video games architecture and optimisation\assignment\1942-clone\x64\debug\1942.exe.lastcodeanalysissucceeded
c:\users\reuben miller\desktop\video games architecture and optimisation\assignment\1942-clone\1942\x64\debug\1942.tlog\cl.command.1.tlog
c:\users\reuben miller\desktop\video games architecture and optimisation\assignment\1942-clone\1942\x64\debug\1942.tlog\cl.read.1.tlog
c:\users\reuben miller\desktop\video games architecture and optimisation\assignment\1942-clone\1942\x64\debug\1942.tlog\cl.write.1.tlog
c:\users\reuben miller\desktop\video games architecture and optimisation\assignment\1942-clone\1942\x64\debug\1942.tlog\link.command.1.tlog
c:\users\reuben miller\desktop\video games architecture and optimisation\assignment\1942-clone\1942\x64\debug\1942.tlog\link.read.1.tlog
c:\users\reuben miller\desktop\video games architecture and optimisation\assignment\1942-clone\1942\x64\debug\1942.tlog\link.write.1.tlog
