  Enemy.cpp
c:\users\reuben miller\desktop\video games architecture and optimisation\assignment\1942-clone\1942\enemy.cpp(104): warning C4305: '=': truncation from 'double' to 'float'
c:\users\reuben miller\desktop\video games architecture and optimisation\assignment\1942-clone\1942\enemy.cpp(105): warning C4305: '=': truncation from 'double' to 'float'
c:\users\reuben miller\desktop\video games architecture and optimisation\assignment\1942-clone\1942\enemy.cpp(119): warning C4305: 'initializing': truncation from 'double' to 'float'
c:\users\reuben miller\desktop\video games architecture and optimisation\assignment\1942-clone\1942\enemy.cpp(163): warning C4244: 'argument': conversion from 'int' to 'T', possible loss of data
          with
          [
              T=float
          ]
c:\users\reuben miller\desktop\video games architecture and optimisation\assignment\1942-clone\1942\enemy.cpp(164): warning C4244: 'argument': conversion from 'int' to 'T', possible loss of data
          with
          [
              T=float
          ]
c:\users\reuben miller\desktop\video games architecture and optimisation\assignment\1942-clone\1942\enemy.cpp(165): warning C4244: 'argument': conversion from 'int' to 'T', possible loss of data
          with
          [
              T=float
          ]
c:\users\reuben miller\desktop\video games architecture and optimisation\assignment\1942-clone\1942\enemy.cpp(166): warning C4244: 'argument': conversion from 'int' to 'T', possible loss of data
          with
          [
              T=float
          ]
c:\users\reuben miller\desktop\video games architecture and optimisation\assignment\1942-clone\1942\enemy.cpp(167): warning C4244: 'argument': conversion from 'int' to 'T', possible loss of data
          with
          [
              T=float
          ]
c:\users\reuben miller\desktop\video games architecture and optimisation\assignment\1942-clone\1942\enemy.cpp(168): warning C4244: 'argument': conversion from 'int' to 'T', possible loss of data
          with
          [
              T=float
          ]
c:\users\reuben miller\desktop\video games architecture and optimisation\assignment\1942-clone\1942\enemy.cpp(169): warning C4244: 'argument': conversion from 'int' to 'T', possible loss of data
          with
          [
              T=float
          ]
c:\users\reuben miller\desktop\video games architecture and optimisation\assignment\1942-clone\1942\enemy.cpp(170): warning C4244: 'argument': conversion from 'int' to 'T', possible loss of data
          with
          [
              T=float
          ]
c:\users\reuben miller\desktop\video games architecture and optimisation\assignment\1942-clone\1942\enemy.cpp(171): warning C4244: 'argument': conversion from 'int' to 'T', possible loss of data
          with
          [
              T=float
          ]
c:\users\reuben miller\desktop\video games architecture and optimisation\assignment\1942-clone\1942\enemy.cpp(172): warning C4244: 'argument': conversion from 'int' to 'T', possible loss of data
          with
          [
              T=float
          ]
c:\users\reuben miller\desktop\video games architecture and optimisation\assignment\1942-clone\1942\enemy.cpp(173): warning C4244: 'argument': conversion from 'int' to 'T', possible loss of data
          with
          [
              T=float
          ]
c:\users\reuben miller\desktop\video games architecture and optimisation\assignment\1942-clone\1942\enemy.cpp(174): warning C4244: 'argument': conversion from 'int' to 'T', possible loss of data
          with
          [
              T=float
          ]
c:\users\reuben miller\desktop\video games architecture and optimisation\assignment\1942-clone\1942\enemy.cpp(175): warning C4244: 'argument': conversion from 'int' to 'T', possible loss of data
          with
          [
              T=float
          ]
c:\users\reuben miller\desktop\video games architecture and optimisation\assignment\1942-clone\1942\enemy.cpp(176): warning C4244: 'argument': conversion from 'int' to 'T', possible loss of data
          with
          [
              T=float
          ]
c:\users\reuben miller\desktop\video games architecture and optimisation\assignment\1942-clone\1942\enemy.cpp(178): warning C4244: 'argument': conversion from 'int' to 'float', possible loss of data
c:\users\reuben miller\desktop\video games architecture and optimisation\assignment\1942-clone\1942\enemy.cpp(179): warning C4244: 'argument': conversion from 'int' to 'float', possible loss of data
c:\users\reuben miller\desktop\video games architecture and optimisation\assignment\1942-clone\1942\enemy.cpp(184): warning C4244: 'argument': conversion from 'int' to 'float', possible loss of data
c:\users\reuben miller\desktop\video games architecture and optimisation\assignment\1942-clone\1942\enemy.cpp(197): warning C4305: '=': truncation from 'double' to 'float'
c:\users\reuben miller\desktop\video games architecture and optimisation\assignment\1942-clone\1942\enemy.cpp(282): warning C4305: 'initializing': truncation from 'double' to 'float'
c:\users\reuben miller\desktop\video games architecture and optimisation\assignment\1942-clone\1942\enemy.cpp(359): warning C4244: 'argument': conversion from 'int' to 'T', possible loss of data
          with
          [
              T=float
          ]
c:\users\reuben miller\desktop\video games architecture and optimisation\assignment\1942-clone\1942\enemy.cpp(360): warning C4244: 'argument': conversion from 'int' to 'T', possible loss of data
          with
          [
              T=float
          ]
c:\users\reuben miller\desktop\video games architecture and optimisation\assignment\1942-clone\1942\enemy.cpp(361): warning C4244: 'argument': conversion from 'int' to 'T', possible loss of data
          with
          [
              T=float
          ]
c:\users\reuben miller\desktop\video games architecture and optimisation\assignment\1942-clone\1942\enemy.cpp(362): warning C4244: 'argument': conversion from 'int' to 'T', possible loss of data
          with
          [
              T=float
          ]
c:\users\reuben miller\desktop\video games architecture and optimisation\assignment\1942-clone\1942\enemy.cpp(363): warning C4244: 'argument': conversion from 'int' to 'T', possible loss of data
          with
          [
              T=float
          ]
c:\users\reuben miller\desktop\video games architecture and optimisation\assignment\1942-clone\1942\enemy.cpp(364): warning C4244: 'argument': conversion from 'int' to 'T', possible loss of data
          with
          [
              T=float
          ]
c:\users\reuben miller\desktop\video games architecture and optimisation\assignment\1942-clone\1942\enemy.cpp(365): warning C4244: 'argument': conversion from 'int' to 'T', possible loss of data
          with
          [
              T=float
          ]
c:\users\reuben miller\desktop\video games architecture and optimisation\assignment\1942-clone\1942\enemy.cpp(366): warning C4244: 'argument': conversion from 'int' to 'T', possible loss of data
          with
          [
              T=float
          ]
c:\users\reuben miller\desktop\video games architecture and optimisation\assignment\1942-clone\1942\enemy.cpp(367): warning C4244: 'argument': conversion from 'int' to 'T', possible loss of data
          with
          [
              T=float
          ]
c:\users\reuben miller\desktop\video games architecture and optimisation\assignment\1942-clone\1942\enemy.cpp(368): warning C4244: 'argument': conversion from 'int' to 'T', possible loss of data
          with
          [
              T=float
          ]
c:\users\reuben miller\desktop\video games architecture and optimisation\assignment\1942-clone\1942\enemy.cpp(369): warning C4244: 'argument': conversion from 'int' to 'T', possible loss of data
          with
          [
              T=float
          ]
c:\users\reuben miller\desktop\video games architecture and optimisation\assignment\1942-clone\1942\enemy.cpp(370): warning C4244: 'argument': conversion from 'int' to 'T', possible loss of data
          with
          [
              T=float
          ]
c:\users\reuben miller\desktop\video games architecture and optimisation\assignment\1942-clone\1942\enemy.cpp(371): warning C4244: 'argument': conversion from 'int' to 'T', possible loss of data
          with
          [
              T=float
          ]
c:\users\reuben miller\desktop\video games architecture and optimisation\assignment\1942-clone\1942\enemy.cpp(372): warning C4244: 'argument': conversion from 'int' to 'T', possible loss of data
          with
          [
              T=float
          ]
c:\users\reuben miller\desktop\video games architecture and optimisation\assignment\1942-clone\1942\enemy.cpp(375): warning C4244: 'argument': conversion from 'int' to 'float', possible loss of data
c:\users\reuben miller\desktop\video games architecture and optimisation\assignment\1942-clone\1942\enemy.cpp(376): warning C4244: 'argument': conversion from 'int' to 'float', possible loss of data
c:\users\reuben miller\desktop\video games architecture and optimisation\assignment\1942-clone\1942\enemy.cpp(389): warning C4305: '=': truncation from 'double' to 'float'
c:\users\reuben miller\desktop\video games architecture and optimisation\assignment\1942-clone\1942\enemy.cpp(543): warning C4305: 'initializing': truncation from 'double' to 'float'
c:\users\reuben miller\desktop\video games architecture and optimisation\assignment\1942-clone\1942\enemy.cpp(625): warning C4244: 'argument': conversion from 'int' to 'float', possible loss of data
c:\users\reuben miller\desktop\video games architecture and optimisation\assignment\1942-clone\1942\enemy.cpp(627): warning C4244: 'argument': conversion from 'int' to 'float', possible loss of data
c:\users\reuben miller\desktop\video games architecture and optimisation\assignment\1942-clone\1942\enemy.cpp(641): warning C4305: '=': truncation from 'double' to 'float'
c:\users\reuben miller\desktop\video games architecture and optimisation\assignment\1942-clone\1942\enemy.cpp(730): warning C4305: 'initializing': truncation from 'double' to 'float'
c:\users\reuben miller\desktop\video games architecture and optimisation\assignment\1942-clone\1942\enemy.cpp(842): warning C4244: 'argument': conversion from 'int' to 'float', possible loss of data
c:\users\reuben miller\desktop\video games architecture and optimisation\assignment\1942-clone\1942\enemy.cpp(854): warning C4305: '=': truncation from 'double' to 'float'
c:\users\reuben miller\desktop\video games architecture and optimisation\assignment\1942-clone\1942\enemy.cpp(869): warning C4305: 'initializing': truncation from 'double' to 'float'
c:\users\reuben miller\desktop\video games architecture and optimisation\assignment\1942-clone\1942\enemy.cpp(938): warning C4244: 'argument': conversion from 'int' to 'float', possible loss of data
c:\users\reuben miller\desktop\video games architecture and optimisation\assignment\1942-clone\1942\enemy.cpp(940): warning C4244: 'argument': conversion from 'int' to 'float', possible loss of data
c:\users\reuben miller\desktop\video games architecture and optimisation\assignment\1942-clone\1942\enemy.cpp(942): warning C4244: 'argument': conversion from 'int' to 'float', possible loss of data
c:\users\reuben miller\desktop\video games architecture and optimisation\assignment\1942-clone\1942\enemy.cpp(944): warning C4244: 'argument': conversion from 'int' to 'float', possible loss of data
c:\users\reuben miller\desktop\video games architecture and optimisation\assignment\1942-clone\1942\enemy.cpp(946): warning C4244: 'argument': conversion from 'int' to 'float', possible loss of data
c:\users\reuben miller\desktop\video games architecture and optimisation\assignment\1942-clone\1942\enemy.cpp(959): warning C4305: '=': truncation from 'double' to 'float'
c:\users\reuben miller\desktop\video games architecture and optimisation\assignment\1942-clone\1942\enemy.cpp(1047): warning C4305: 'initializing': truncation from 'double' to 'float'
c:\users\reuben miller\desktop\video games architecture and optimisation\assignment\1942-clone\1942\enemy.cpp(1124): warning C4244: 'argument': conversion from 'int' to 'T', possible loss of data
          with
          [
              T=float
          ]
c:\users\reuben miller\desktop\video games architecture and optimisation\assignment\1942-clone\1942\enemy.cpp(1125): warning C4244: 'argument': conversion from 'int' to 'T', possible loss of data
          with
          [
              T=float
          ]
c:\users\reuben miller\desktop\video games architecture and optimisation\assignment\1942-clone\1942\enemy.cpp(1126): warning C4244: 'argument': conversion from 'int' to 'T', possible loss of data
          with
          [
              T=float
          ]
c:\users\reuben miller\desktop\video games architecture and optimisation\assignment\1942-clone\1942\enemy.cpp(1127): warning C4244: 'argument': conversion from 'int' to 'T', possible loss of data
          with
          [
              T=float
          ]
c:\users\reuben miller\desktop\video games architecture and optimisation\assignment\1942-clone\1942\enemy.cpp(1128): warning C4244: 'argument': conversion from 'int' to 'T', possible loss of data
          with
          [
              T=float
          ]
c:\users\reuben miller\desktop\video games architecture and optimisation\assignment\1942-clone\1942\enemy.cpp(1129): warning C4244: 'argument': conversion from 'int' to 'T', possible loss of data
          with
          [
              T=float
          ]
c:\users\reuben miller\desktop\video games architecture and optimisation\assignment\1942-clone\1942\enemy.cpp(1130): warning C4244: 'argument': conversion from 'int' to 'T', possible loss of data
          with
          [
              T=float
          ]
c:\users\reuben miller\desktop\video games architecture and optimisation\assignment\1942-clone\1942\enemy.cpp(1131): warning C4244: 'argument': conversion from 'int' to 'T', possible loss of data
          with
          [
              T=float
          ]
c:\users\reuben miller\desktop\video games architecture and optimisation\assignment\1942-clone\1942\enemy.cpp(1132): warning C4244: 'argument': conversion from 'int' to 'T', possible loss of data
          with
          [
              T=float
          ]
c:\users\reuben miller\desktop\video games architecture and optimisation\assignment\1942-clone\1942\enemy.cpp(1133): warning C4244: 'argument': conversion from 'int' to 'T', possible loss of data
          with
          [
              T=float
          ]
c:\users\reuben miller\desktop\video games architecture and optimisation\assignment\1942-clone\1942\enemy.cpp(1134): warning C4244: 'argument': conversion from 'int' to 'T', possible loss of data
          with
          [
              T=float
          ]
c:\users\reuben miller\desktop\video games architecture and optimisation\assignment\1942-clone\1942\enemy.cpp(1135): warning C4244: 'argument': conversion from 'int' to 'T', possible loss of data
          with
          [
              T=float
          ]
c:\users\reuben miller\desktop\video games architecture and optimisation\assignment\1942-clone\1942\enemy.cpp(1136): warning C4244: 'argument': conversion from 'int' to 'T', possible loss of data
          with
          [
              T=float
          ]
c:\users\reuben miller\desktop\video games architecture and optimisation\assignment\1942-clone\1942\enemy.cpp(1137): warning C4244: 'argument': conversion from 'int' to 'T', possible loss of data
          with
          [
              T=float
          ]
c:\users\reuben miller\desktop\video games architecture and optimisation\assignment\1942-clone\1942\enemy.cpp(1139): warning C4244: 'argument': conversion from 'int' to 'float', possible loss of data
c:\users\reuben miller\desktop\video games architecture and optimisation\assignment\1942-clone\1942\enemy.cpp(1141): warning C4244: 'argument': conversion from 'int' to 'float', possible loss of data
c:\users\reuben miller\desktop\video games architecture and optimisation\assignment\1942-clone\1942\enemy.cpp(1145): warning C4244: 'argument': conversion from 'int' to 'float', possible loss of data
c:\users\reuben miller\desktop\video games architecture and optimisation\assignment\1942-clone\1942\enemy.cpp(1158): warning C4305: '=': truncation from 'double' to 'float'
c:\users\reuben miller\desktop\video games architecture and optimisation\assignment\1942-clone\1942\enemy.cpp(1242): warning C4305: 'initializing': truncation from 'double' to 'float'
c:\users\reuben miller\desktop\video games architecture and optimisation\assignment\1942-clone\1942\enemy.cpp(1338): warning C4244: 'argument': conversion from 'int' to 'float', possible loss of data
c:\users\reuben miller\desktop\video games architecture and optimisation\assignment\1942-clone\1942\enemy.cpp(1344): warning C4244: 'argument': conversion from 'int' to 'float', possible loss of data
c:\users\reuben miller\desktop\video games architecture and optimisation\assignment\1942-clone\1942\enemy.cpp(1355): warning C4305: '=': truncation from 'double' to 'float'
c:\users\reuben miller\desktop\video games architecture and optimisation\assignment\1942-clone\1942\enemy.cpp(1356): warning C4305: '=': truncation from 'double' to 'float'
c:\users\reuben miller\desktop\video games architecture and optimisation\assignment\1942-clone\1942\enemy.cpp(1371): warning C4305: 'initializing': truncation from 'double' to 'float'
c:\users\reuben miller\desktop\video games architecture and optimisation\assignment\1942-clone\1942\enemy.cpp(1398): warning C4244: 'argument': conversion from 'int' to 'T', possible loss of data
          with
          [
              T=float
          ]
c:\users\reuben miller\desktop\video games architecture and optimisation\assignment\1942-clone\1942\enemy.cpp(1399): warning C4244: 'argument': conversion from 'int' to 'T', possible loss of data
          with
          [
              T=float
          ]
c:\users\reuben miller\desktop\video games architecture and optimisation\assignment\1942-clone\1942\enemy.cpp(1400): warning C4244: 'argument': conversion from 'int' to 'T', possible loss of data
          with
          [
              T=float
          ]
c:\users\reuben miller\desktop\video games architecture and optimisation\assignment\1942-clone\1942\enemy.cpp(1401): warning C4244: 'argument': conversion from 'int' to 'T', possible loss of data
          with
          [
              T=float
          ]
c:\users\reuben miller\desktop\video games architecture and optimisation\assignment\1942-clone\1942\enemy.cpp(1402): warning C4244: 'argument': conversion from 'int' to 'T', possible loss of data
          with
          [
              T=float
          ]
c:\users\reuben miller\desktop\video games architecture and optimisation\assignment\1942-clone\1942\enemy.cpp(1403): warning C4244: 'argument': conversion from 'int' to 'T', possible loss of data
          with
          [
              T=float
          ]
c:\users\reuben miller\desktop\video games architecture and optimisation\assignment\1942-clone\1942\enemy.cpp(1404): warning C4244: 'argument': conversion from 'int' to 'T', possible loss of data
          with
          [
              T=float
          ]
c:\users\reuben miller\desktop\video games architecture and optimisation\assignment\1942-clone\1942\enemy.cpp(1405): warning C4244: 'argument': conversion from 'int' to 'T', possible loss of data
          with
          [
              T=float
          ]
c:\users\reuben miller\desktop\video games architecture and optimisation\assignment\1942-clone\1942\enemy.cpp(1406): warning C4244: 'argument': conversion from 'int' to 'T', possible loss of data
          with
          [
              T=float
          ]
c:\users\reuben miller\desktop\video games architecture and optimisation\assignment\1942-clone\1942\enemy.cpp(1407): warning C4244: 'argument': conversion from 'int' to 'T', possible loss of data
          with
          [
              T=float
          ]
c:\users\reuben miller\desktop\video games architecture and optimisation\assignment\1942-clone\1942\enemy.cpp(1408): warning C4244: 'argument': conversion from 'int' to 'T', possible loss of data
          with
          [
              T=float
          ]
c:\users\reuben miller\desktop\video games architecture and optimisation\assignment\1942-clone\1942\enemy.cpp(1409): warning C4244: 'argument': conversion from 'int' to 'T', possible loss of data
          with
          [
              T=float
          ]
c:\users\reuben miller\desktop\video games architecture and optimisation\assignment\1942-clone\1942\enemy.cpp(1410): warning C4244: 'argument': conversion from 'int' to 'T', possible loss of data
          with
          [
              T=float
          ]
c:\users\reuben miller\desktop\video games architecture and optimisation\assignment\1942-clone\1942\enemy.cpp(1411): warning C4244: 'argument': conversion from 'int' to 'T', possible loss of data
          with
          [
              T=float
          ]
c:\users\reuben miller\desktop\video games architecture and optimisation\assignment\1942-clone\1942\enemy.cpp(1413): warning C4244: 'argument': conversion from 'int' to 'float', possible loss of data
c:\users\reuben miller\desktop\video games architecture and optimisation\assignment\1942-clone\1942\enemy.cpp(1415): warning C4244: 'argument': conversion from 'int' to 'float', possible loss of data
c:\users\reuben miller\desktop\video games architecture and optimisation\assignment\1942-clone\1942\enemy.cpp(1438): warning C4305: 'initializing': truncation from 'double' to 'float'
c:\users\reuben miller\desktop\video games architecture and optimisation\assignment\1942-clone\1942\enemy.cpp(1473): warning C4244: 'argument': conversion from 'int' to 'float', possible loss of data
c:\users\reuben miller\desktop\video games architecture and optimisation\assignment\1942-clone\1942\enemy.cpp(1475): warning C4244: 'argument': conversion from 'int' to 'float', possible loss of data
c:\users\reuben miller\desktop\video games architecture and optimisation\assignment\1942-clone\1942\enemy.cpp(1488): warning C4305: '=': truncation from 'double' to 'float'
c:\users\reuben miller\desktop\video games architecture and optimisation\assignment\1942-clone\1942\enemy.cpp(1532): warning C4305: '=': truncation from 'double' to 'float'
c:\users\reuben miller\desktop\video games architecture and optimisation\assignment\1942-clone\1942\enemy.cpp(1540): warning C4305: '=': truncation from 'double' to 'float'
c:\users\reuben miller\desktop\video games architecture and optimisation\assignment\1942-clone\1942\enemy.cpp(1582): warning C4305: 'initializing': truncation from 'double' to 'float'
c:\users\reuben miller\desktop\video games architecture and optimisation\assignment\1942-clone\1942\enemy.cpp(1708): warning C4305: 'initializing': truncation from 'double' to 'float'
c:\users\reuben miller\desktop\video games architecture and optimisation\assignment\1942-clone\1942\enemy.cpp(1774): warning C4305: 'initializing': truncation from 'double' to 'float'
c:\users\reuben miller\desktop\video games architecture and optimisation\assignment\1942-clone\1942\enemy.cpp(1794): warning C4244: 'argument': conversion from 'int' to 'T', possible loss of data
          with
          [
              T=float
          ]
c:\users\reuben miller\desktop\video games architecture and optimisation\assignment\1942-clone\1942\enemy.cpp(1795): warning C4244: 'argument': conversion from 'int' to 'T', possible loss of data
          with
          [
              T=float
          ]
c:\users\reuben miller\desktop\video games architecture and optimisation\assignment\1942-clone\1942\enemy.cpp(1796): warning C4244: 'argument': conversion from 'int' to 'T', possible loss of data
          with
          [
              T=float
          ]
c:\users\reuben miller\desktop\video games architecture and optimisation\assignment\1942-clone\1942\enemy.cpp(1797): warning C4244: 'argument': conversion from 'int' to 'T', possible loss of data
          with
          [
              T=float
          ]
c:\users\reuben miller\desktop\video games architecture and optimisation\assignment\1942-clone\1942\enemy.cpp(1798): warning C4244: 'argument': conversion from 'int' to 'T', possible loss of data
          with
          [
              T=float
          ]
c:\users\reuben miller\desktop\video games architecture and optimisation\assignment\1942-clone\1942\enemy.cpp(1799): warning C4244: 'argument': conversion from 'int' to 'T', possible loss of data
          with
          [
              T=float
          ]
c:\users\reuben miller\desktop\video games architecture and optimisation\assignment\1942-clone\1942\enemy.cpp(1800): warning C4244: 'argument': conversion from 'int' to 'T', possible loss of data
          with
          [
              T=float
          ]
c:\users\reuben miller\desktop\video games architecture and optimisation\assignment\1942-clone\1942\enemy.cpp(1801): warning C4244: 'argument': conversion from 'int' to 'T', possible loss of data
          with
          [
              T=float
          ]
c:\users\reuben miller\desktop\video games architecture and optimisation\assignment\1942-clone\1942\enemy.cpp(1802): warning C4244: 'argument': conversion from 'int' to 'T', possible loss of data
          with
          [
              T=float
          ]
c:\users\reuben miller\desktop\video games architecture and optimisation\assignment\1942-clone\1942\enemy.cpp(1803): warning C4244: 'argument': conversion from 'int' to 'T', possible loss of data
          with
          [
              T=float
          ]
c:\users\reuben miller\desktop\video games architecture and optimisation\assignment\1942-clone\1942\enemy.cpp(1804): warning C4244: 'argument': conversion from 'int' to 'T', possible loss of data
          with
          [
              T=float
          ]
c:\users\reuben miller\desktop\video games architecture and optimisation\assignment\1942-clone\1942\enemy.cpp(1805): warning C4244: 'argument': conversion from 'int' to 'T', possible loss of data
          with
          [
              T=float
          ]
c:\users\reuben miller\desktop\video games architecture and optimisation\assignment\1942-clone\1942\enemy.cpp(1806): warning C4244: 'argument': conversion from 'int' to 'T', possible loss of data
          with
          [
              T=float
          ]
c:\users\reuben miller\desktop\video games architecture and optimisation\assignment\1942-clone\1942\enemy.cpp(1807): warning C4244: 'argument': conversion from 'int' to 'T', possible loss of data
          with
          [
              T=float
          ]
c:\users\reuben miller\desktop\video games architecture and optimisation\assignment\1942-clone\1942\enemy.cpp(1809): warning C4244: 'argument': conversion from 'int' to 'float', possible loss of data
c:\users\reuben miller\desktop\video games architecture and optimisation\assignment\1942-clone\1942\enemy.cpp(1854): warning C4305: 'initializing': truncation from 'double' to 'float'
  Game.cpp
c:\users\reuben miller\desktop\video games architecture and optimisation\assignment\1942-clone\1942\enemyspawner.h(96): warning C4305: 'initializing': truncation from 'double' to 'float'
c:\users\reuben miller\desktop\video games architecture and optimisation\assignment\1942-clone\1942\game.cpp(347): warning C4244: 'argument': conversion from 'float' to 'int', possible loss of data
c:\users\reuben miller\desktop\video games architecture and optimisation\assignment\1942-clone\1942\game.cpp(642): warning C4244: 'argument': conversion from 'float' to 'unsigned int', possible loss of data
c:\users\reuben miller\desktop\video games architecture and optimisation\assignment\1942-clone\1942\game.cpp(647): warning C4244: 'argument': conversion from 'double' to 'T', possible loss of data
          with
          [
              T=int
          ]
c:\users\reuben miller\desktop\video games architecture and optimisation\assignment\1942-clone\1942\game.cpp(647): warning C4244: 'argument': conversion from 'float' to 'T', possible loss of data
          with
          [
              T=int
          ]
  Generating Code...
PowerUp.obj : warning LNK4099: PDB 'vc141.pdb' was not found with 'PowerUp.obj' or at 'C:\Users\Reuben Miller\Desktop\Video Games Architecture and Optimisation\Assignment\1942-Clone\x64\Debug\vc141.pdb'; linking object as if no debug info
PopUp.obj : warning LNK4099: PDB 'vc141.pdb' was not found with 'PopUp.obj' or at 'C:\Users\Reuben Miller\Desktop\Video Games Architecture and Optimisation\Assignment\1942-Clone\x64\Debug\vc141.pdb'; linking object as if no debug info
Input.obj : warning LNK4099: PDB 'vc141.pdb' was not found with 'Input.obj' or at 'C:\Users\Reuben Miller\Desktop\Video Games Architecture and Optimisation\Assignment\1942-Clone\x64\Debug\vc141.pdb'; linking object as if no debug info
Audio.obj : warning LNK4099: PDB 'vc141.pdb' was not found with 'Audio.obj' or at 'C:\Users\Reuben Miller\Desktop\Video Games Architecture and Optimisation\Assignment\1942-Clone\x64\Debug\vc141.pdb'; linking object as if no debug info
  1942.vcxproj -> C:\Users\Reuben Miller\Desktop\Video Games Architecture and Optimisation\Assignment\1942-Clone\x64\Debug\1942.exe
